TN:
SF:src/gestorNota.ts
FN:11,(anonymous_0)
FN:19,(anonymous_1)
FN:49,(anonymous_2)
FN:67,(anonymous_3)
FN:83,(anonymous_4)
FN:88,(anonymous_5)
FN:95,(anonymous_6)
FN:96,(anonymous_7)
FN:122,(anonymous_8)
FN:124,(anonymous_9)
FNF:10
FNH:6
FNDA:2,(anonymous_0)
FNDA:1,(anonymous_1)
FNDA:1,(anonymous_2)
FNDA:1,(anonymous_3)
FNDA:1,(anonymous_4)
FNDA:0,(anonymous_5)
FNDA:0,(anonymous_6)
FNDA:0,(anonymous_7)
FNDA:1,(anonymous_8)
FNDA:0,(anonymous_9)
DA:2,1
DA:3,1
DA:4,1
DA:10,1
DA:20,1
DA:21,1
DA:24,1
DA:25,1
DA:26,1
DA:27,0
DA:30,1
DA:31,1
DA:34,0
DA:35,0
DA:37,0
DA:38,0
DA:50,1
DA:53,1
DA:55,0
DA:56,0
DA:58,1
DA:68,1
DA:71,1
DA:72,1
DA:73,1
DA:75,0
DA:84,1
DA:86,1
DA:87,0
DA:88,0
DA:89,0
DA:92,0
DA:93,0
DA:95,0
DA:96,0
DA:97,0
DA:98,0
DA:100,0
DA:101,0
DA:102,0
DA:103,0
DA:104,0
DA:105,0
DA:106,0
DA:107,0
DA:108,0
DA:123,1
DA:124,0
DA:125,0
DA:126,0
DA:128,0
DA:129,0
DA:131,0
DA:132,0
DA:134,0
DA:135,0
DA:137,0
DA:138,0
DA:140,0
DA:141,0
DA:146,1
LF:61
LH:22
BRDA:24,0,0,1
BRDA:24,0,1,0
BRDA:26,1,0,0
BRDA:26,1,1,1
BRDA:53,2,0,0
BRDA:53,2,1,1
BRDA:71,3,0,1
BRDA:71,3,1,0
BRDA:86,4,0,0
BRDA:86,4,1,1
BRDA:92,5,0,0
BRDA:92,5,1,0
BRDA:97,6,0,0
BRDA:97,6,1,0
BRDA:101,7,0,0
BRDA:101,7,1,0
BRDA:103,8,0,0
BRDA:103,8,1,0
BRDA:105,9,0,0
BRDA:105,9,1,0
BRDA:107,10,0,0
BRDA:107,10,1,0
BRDA:123,11,0,0
BRDA:123,11,1,1
BRDA:125,12,0,0
BRDA:125,12,1,0
BRDA:130,13,0,0
BRDA:130,13,1,0
BRDA:130,13,2,0
BRDA:130,13,3,0
BRF:30
BRH:6
end_of_record
TN:
SF:src/nota.ts
FN:13,(anonymous_0)
FN:20,(anonymous_1)
FN:28,(anonymous_2)
FN:36,(anonymous_3)
FN:43,(anonymous_4)
FN:50,(anonymous_5)
FN:57,(anonymous_6)
FN:65,(anonymous_7)
FN:88,(anonymous_8)
FNF:9
FNH:9
FNDA:6,(anonymous_0)
FNDA:4,(anonymous_1)
FNDA:3,(anonymous_2)
FNDA:3,(anonymous_3)
FNDA:1,(anonymous_4)
FNDA:1,(anonymous_5)
FNDA:1,(anonymous_6)
FNDA:4,(anonymous_7)
FNDA:4,(anonymous_8)
DA:1,1
DA:6,1
DA:13,6
DA:14,6
DA:21,4
DA:29,3
DA:37,3
DA:44,1
DA:51,1
DA:58,1
DA:66,4
DA:68,2
DA:69,2
DA:71,1
DA:73,1
DA:74,1
DA:76,1
DA:77,1
DA:79,0
DA:80,0
DA:89,4
DA:91,2
DA:92,2
DA:94,1
DA:96,1
DA:97,1
DA:99,1
DA:100,1
DA:102,0
DA:103,0
LF:30
LH:26
BRDA:67,0,0,2
BRDA:67,0,1,1
BRDA:67,0,2,1
BRDA:67,0,3,1
BRDA:67,0,4,0
BRDA:90,1,0,2
BRDA:90,1,1,1
BRDA:90,1,2,1
BRDA:90,1,3,1
BRDA:90,1,4,0
BRF:10
BRH:8
end_of_record
